<?xml version="1.0" encoding="UTF-8"?>
<testsuites tests="14" failures="0" disabled="0" errors="0" time="0." timestamp="2026-02-17T19:07:47.877" name="AllTests">
  <testsuite name="GpioTest" tests="14" failures="0" disabled="0" skipped="0" errors="0" time="0." timestamp="2026-02-17T19:07:47.877">
    <testcase name="Init_ReturnsSuccessAndSetsReady" file="/home/mohamed/Desktop/GitHub_Repo/My_Repo/Basic_Software/08_Tests/01_Unit_Test/GPIO/Test/UnitTest_GPIO.cpp" line="25" status="run" result="completed" time="0." timestamp="2026-02-17T19:07:47.877" classname="GpioTest" />
    <testcase name="Init_ModuleNotReadyBeforeInit" file="/home/mohamed/Desktop/GitHub_Repo/My_Repo/Basic_Software/08_Tests/01_Unit_Test/GPIO/Test/UnitTest_GPIO.cpp" line="35" status="run" result="completed" time="0." timestamp="2026-02-17T19:07:47.877" classname="GpioTest" />
    <testcase name="Init_ConfiguresModerCorrectly" file="/home/mohamed/Desktop/GitHub_Repo/My_Repo/Basic_Software/08_Tests/01_Unit_Test/GPIO/Test/UnitTest_GPIO.cpp" line="46" status="run" result="completed" time="0." timestamp="2026-02-17T19:07:47.877" classname="GpioTest" />
    <testcase name="Init_ConfiguresOtyperCorrectly" file="/home/mohamed/Desktop/GitHub_Repo/My_Repo/Basic_Software/08_Tests/01_Unit_Test/GPIO/Test/UnitTest_GPIO.cpp" line="64" status="run" result="completed" time="0." timestamp="2026-02-17T19:07:47.877" classname="GpioTest" />
    <testcase name="Init_ConfiguresOspeedrCorrectly" file="/home/mohamed/Desktop/GitHub_Repo/My_Repo/Basic_Software/08_Tests/01_Unit_Test/GPIO/Test/UnitTest_GPIO.cpp" line="82" status="run" result="completed" time="0." timestamp="2026-02-17T19:07:47.877" classname="GpioTest" />
    <testcase name="Init_ConfiguresPupdrCorrectly" file="/home/mohamed/Desktop/GitHub_Repo/My_Repo/Basic_Software/08_Tests/01_Unit_Test/GPIO/Test/UnitTest_GPIO.cpp" line="100" status="run" result="completed" time="0." timestamp="2026-02-17T19:07:47.877" classname="GpioTest" />
    <testcase name="Init_ConfiguresAlternateFunctionCorrectly" file="/home/mohamed/Desktop/GitHub_Repo/My_Repo/Basic_Software/08_Tests/01_Unit_Test/GPIO/Test/UnitTest_GPIO.cpp" line="106" status="run" result="completed" time="0." timestamp="2026-02-17T19:07:47.877" classname="GpioTest" />
    <testcase name="Init_ConfiguresInitialOutputLevelsCorrectly" file="/home/mohamed/Desktop/GitHub_Repo/My_Repo/Basic_Software/08_Tests/01_Unit_Test/GPIO/Test/UnitTest_GPIO.cpp" line="134" status="run" result="completed" time="0." timestamp="2026-02-17T19:07:47.877" classname="GpioTest" />
    <testcase name="Init_UnusedPortsAreZero" file="/home/mohamed/Desktop/GitHub_Repo/My_Repo/Basic_Software/08_Tests/01_Unit_Test/GPIO/Test/UnitTest_GPIO.cpp" line="154" status="run" result="completed" time="0." timestamp="2026-02-17T19:07:47.877" classname="GpioTest" />
    <testcase name="WritePin_InvalidIndex" file="/home/mohamed/Desktop/GitHub_Repo/My_Repo/Basic_Software/08_Tests/01_Unit_Test/GPIO/Test/UnitTest_GPIO.cpp" line="174" status="run" result="completed" time="0." timestamp="2026-02-17T19:07:47.877" classname="GpioTest" />
    <testcase name="WritePin_FailsIfNotInitialized" file="/home/mohamed/Desktop/GitHub_Repo/My_Repo/Basic_Software/08_Tests/01_Unit_Test/GPIO/Test/UnitTest_GPIO.cpp" line="184" status="run" result="completed" time="0." timestamp="2026-02-17T19:07:47.877" classname="GpioTest" />
    <testcase name="WritePin_SetsAndClearsBitCorrectly" file="/home/mohamed/Desktop/GitHub_Repo/My_Repo/Basic_Software/08_Tests/01_Unit_Test/GPIO/Test/UnitTest_GPIO.cpp" line="194" status="run" result="completed" time="0." timestamp="2026-02-17T19:07:47.877" classname="GpioTest" />
    <testcase name="TogglePin_FlipsBit" file="/home/mohamed/Desktop/GitHub_Repo/My_Repo/Basic_Software/08_Tests/01_Unit_Test/GPIO/Test/UnitTest_GPIO.cpp" line="213" status="run" result="completed" time="0." timestamp="2026-02-17T19:07:47.877" classname="GpioTest" />
    <testcase name="WritePin_AllConfiguredPins" file="/home/mohamed/Desktop/GitHub_Repo/My_Repo/Basic_Software/08_Tests/01_Unit_Test/GPIO/Test/UnitTest_GPIO.cpp" line="232" status="run" result="completed" time="0." timestamp="2026-02-17T19:07:47.877" classname="GpioTest" />
  </testsuite>
</testsuites>
